<?xml version="1.0" encoding="UTF-8"?>
<!-- Generated by org.testng.reporters.JUnitReportReporter -->
<testsuite skipped="0" hostname="tulasi-mbp.lan" name="zagg.accountRegistration.LoginTests" tests="2" failures="0" timestamp="26 Sep 2019 11:56:26 GMT" time="175.666" errors="0">
  <testcase name="loginWithValidCredentials" time="86.859" classname="zagg.accountRegistration.LoginTests"/>
  <testcase name="loginWithValidCredentials" time="88.807" classname="zagg.accountRegistration.LoginTests"/>
</testsuite> <!-- zagg.accountRegistration.LoginTests -->
