<?xml version="1.0" encoding="UTF-8"?>
<!-- Generated by org.testng.reporters.JUnitReportReporter -->
<testsuite skipped="0" hostname="tulasi-mbp.lan" name="zagg.sceanrios.RegisterProductWithSerialNumber" tests="1" failures="0" timestamp="12 Jun 2019 05:51:36 GMT" time="21.182" errors="0">
  <testcase name="registerProdWithSerialNumber" time="21.182" classname="zagg.sceanrios.RegisterProductWithSerialNumber"/>
</testsuite> <!-- zagg.sceanrios.RegisterProductWithSerialNumber -->
