<?xml version="1.0" encoding="UTF-8"?>
<!-- Generated by org.testng.reporters.JUnitReportReporter -->
<testsuite skipped="0" hostname="tulasi-mbp.lan" name="POC.lumaLogin.LoginTest" tests="1" failures="0" timestamp="2019-10-24T13:00:06 IST" time="14.329" errors="0">
  <testcase name="login" time="14.329" classname="POC.lumaLogin.LoginTest"/>
</testsuite> <!-- POC.lumaLogin.LoginTest -->
