<?xml version="1.0" encoding="UTF-8"?>
<!-- Generated by org.testng.reporters.JUnitReportReporter -->
<testsuite skipped="0" hostname="Tulasi-MacBook-Pro.local" name="zagg.accountRegistration.tests.LoginTests" tests="1" failures="0" timestamp="27 May 2019 11:24:15 GMT" time="10.349" errors="0">
  <testcase name="loginWithValidCredentials" time="10.349" classname="zagg.accountRegistration.tests.LoginTests"/>
</testsuite> <!-- zagg.accountRegistration.tests.LoginTests -->
