<?xml version="1.0" encoding="UTF-8"?>
<!-- Generated by org.testng.reporters.JUnitReportReporter -->
<testsuite skipped="0" hostname="Tulasi-MacBook-Pro.local" name="com.lib.QuitExecution" tests="1" failures="0" timestamp="05 Jun 2019 13:08:31 GMT" time="0.580" errors="0">
  <testcase name="quitAll" time="0.580" classname="com.lib.QuitExecution"/>
</testsuite> <!-- com.lib.QuitExecution -->
